2024-11-05 02:40:05,658 - ETLManager - INFO -    PostgreSQL.
2024-11-05 02:40:05,699 - PostgresDatabase - INFO -   PostgreSQL .
2024-11-05 02:40:05,699 - ETLManager - INFO -    ClickHouse.
2024-11-05 02:40:05,835 - ClickHouseDatabase - INFO -   ClickHouse .
2024-11-05 02:40:05,913 - ClickHouseDatabase - INFO -  test_schema  .
2024-11-05 02:40:09,417 - ETLManager - INFO -   : 3
2024-11-05 02:40:09,419 - ETLManager - INFO -     PostgreSQL  ClickHouse.
2024-11-05 02:40:09,435 - ClickHouseDatabase - INFO -    test_t_re   PostgreSQL.
2024-11-05 02:40:09,438 - ClickHouseDatabase - INFO -    column_mapping: {'': 'author', '': 'date', '': 'review', '': 'product', '': 'article'}
2024-11-05 02:40:09,495 - ClickHouseDatabase - INFO -  test_schema.test_t_re_ch   ClickHouse.
2024-11-05 02:40:09,610 - ClickHouseDatabase - INFO -      test_schema.test_t_re_ch  ClickHouse.
2024-11-05 02:40:09,611 - ClickHouseDatabase - INFO -   PostgreSQL    ClickHouse   test_t_re_ch.
2024-11-05 02:40:09,611 - ETLManager - INFO -     PostgreSQL  ClickHouse.
2024-11-05 02:41:57,618 - ETLManager - INFO - Пользователь выбрал действие: 2
2024-11-05 02:41:57,618 - ETLManager - INFO - Начало переноса данных из ClickHouse в PostgreSQL.
2024-11-05 02:41:57,650 - PostgresDatabase - INFO - Данные из таблицы test_schema.test_t_re_ch успешно получены из ClickHouse.
2024-11-05 02:41:57,651 - PostgresDatabase - INFO - Столбцы переименованы согласно column_mapping: {'автор': 'author', 'дата': 'date', 'отзыв': 'review', 'продукт': 'product', 'артикул': 'article'}
2024-11-05 02:41:57,679 - PostgresDatabase - INFO - Таблица public.test_t_re_ch создана в PostgreSQL.
2024-11-05 02:41:57,765 - PostgresDatabase - INFO - Данные загружены в таблицу public.test_t_re_ch в PostgreSQL.
2024-11-05 02:41:57,766 - PostgresDatabase - INFO - Временный CSV файл test_t_re_ch.csv удален.
2024-11-05 02:41:57,766 - PostgresDatabase - INFO - Данные успешно перенесены из ClickHouse в PostgreSQL в таблицу test_t_re_ch.
2024-11-05 02:41:57,766 - ETLManager - INFO - Данные успешно перенесены из ClickHouse в PostgreSQL.
2024-11-05 02:42:03,088 - ETLManager - INFO - Пользователь выбрал действие: 1
2024-11-05 02:42:03,088 - ETLManager - INFO - Начало загрузки данных из XLSX в PostgreSQL.
2024-11-05 02:42:04,651 - PostgresDatabase - INFO - Данные успешно загружены из источника.
2024-11-05 02:42:04,652 - PostgresDatabase - INFO - Столбцы переименованы согласно column_mapping: {'автор': 'author', 'дата': 'date', 'отзыв': 'review', 'продукт': 'product', 'артикул': 'article'}
2024-11-05 02:42:04,673 - PostgresDatabase - INFO - Таблица public.test_t_re создана в PostgreSQL.
2024-11-05 02:42:04,745 - PostgresDatabase - INFO - Данные загружены в таблицу public.test_t_re в PostgreSQL.
2024-11-05 02:42:04,746 - PostgresDatabase - INFO - Временный CSV файл test_t_re.csv удален.
2024-11-05 02:42:04,747 - PostgresDatabase - INFO - Данные из источника wildberries_reviews.xlsx загружены в таблицу test_t_re в PostgreSQL.
2024-11-05 02:42:04,747 - ETLManager - INFO - Данные из XLSX успешно загружены в PostgreSQL.
2024-11-05 02:42:08,690 - ETLManager - INFO - Пользователь выбрал действие: 4
2024-11-05 02:42:08,691 - ETLManager - INFO - Завершение программы.
2024-11-05 02:42:08,691 - ETLManager - INFO - Закрытие соединений с базами данных.
2024-11-05 02:42:08,692 - PostgresDatabase - INFO - Соединение с PostgreSQL закрыто.
2024-11-05 02:42:08,693 - ClickHouseDatabase - INFO - Соединение с ClickHouse закрыто.
